2022-06-14 02:03:21,700 - line:28] - INFO: 欢迎使用评教系统~
2022-06-14 02:03:24,535 - line:37] - INFO: 程序已结束
2022-06-14 10:57:19,030 - line:28] - INFO: 欢迎使用评教系统~
2022-06-14 10:57:25,805 - line:44] - ERROR: 无法找到操作图片！
2022-06-14 10:57:57,782 - line:28] - INFO: 欢迎使用评教系统~
2022-06-14 10:58:03,953 - line:51] - INFO: 进行第1次评教
2022-06-14 10:58:10,724 - line:67] - ERROR: 无法找到评价结果图片！
2022-06-14 10:59:05,176 - line:28] - INFO: 欢迎使用评教系统~
2022-06-14 10:59:11,433 - line:51] - INFO: 进行第1次评教
2022-06-14 10:59:17,015 - line:67] - ERROR: 无法找到评价结果图片！
2022-06-14 11:00:26,208 - line:28] - INFO: 欢迎使用评教系统~
2022-06-14 11:00:34,235 - line:51] - INFO: 进行第1次评教
2022-06-14 11:00:44,870 - line:128] - INFO: 安全模式终止
2022-06-14 11:01:57,653 - line:28] - INFO: 欢迎使用评教系统~
2022-06-14 11:02:05,935 - line:51] - INFO: 进行第1次评教
2022-06-14 11:02:08,637 - line:61] - INFO: 此课程已评教完成，退出
2022-06-14 11:02:09,644 - line:51] - INFO: 进行第2次评教
2022-06-14 11:02:12,237 - line:61] - INFO: 此课程已评教完成，退出
2022-06-14 11:02:13,240 - line:51] - INFO: 进行第3次评教
2022-06-14 11:02:15,872 - line:61] - INFO: 此课程已评教完成，退出
2022-06-14 11:02:18,450 - line:125] - INFO: 程序已执行完毕
2022-06-14 11:02:21,499 - line:28] - INFO: 欢迎使用评教系统~
2022-06-14 11:02:28,816 - line:51] - INFO: 进行第1次评教
2022-06-14 11:02:31,539 - line:61] - INFO: 此课程已评教完成，退出
2022-06-14 11:02:32,542 - line:51] - INFO: 进行第2次评教
2022-06-14 11:02:35,164 - line:61] - INFO: 此课程已评教完成，退出
2022-06-14 11:02:36,168 - line:51] - INFO: 进行第3次评教
2022-06-14 11:02:38,771 - line:61] - INFO: 此课程已评教完成，退出
2022-06-14 11:02:39,774 - line:51] - INFO: 进行第4次评教
2022-06-14 11:02:42,388 - line:61] - INFO: 此课程已评教完成，退出
2022-06-14 11:02:43,395 - line:51] - INFO: 进行第5次评教
2022-06-14 11:02:46,007 - line:61] - INFO: 此课程已评教完成，退出
2022-06-14 11:02:47,015 - line:51] - INFO: 进行第6次评教
2022-06-14 11:02:49,611 - line:61] - INFO: 此课程已评教完成，退出
2022-06-14 11:02:50,613 - line:51] - INFO: 进行第7次评教
2022-06-14 11:02:53,237 - line:61] - INFO: 此课程已评教完成，退出
2022-06-14 11:02:54,237 - line:51] - INFO: 进行第8次评教
2022-06-14 11:02:56,835 - line:61] - INFO: 此课程已评教完成，退出
2022-06-14 11:02:57,841 - line:51] - INFO: 进行第9次评教
2022-06-14 11:05:28,177 - line:84] - ERROR: 无法找到评语图片！
2022-06-14 11:06:30,410 - line:28] - INFO: 欢迎使用评教系统~
2022-06-14 11:06:37,178 - line:51] - INFO: 进行第1次评教
2022-06-14 11:06:42,542 - line:132] - ERROR: 其他问题错误，请联系管理员
2022-06-14 11:06:48,295 - line:28] - INFO: 欢迎使用评教系统~
2022-06-14 11:06:55,115 - line:51] - INFO: 进行第1次评教
2022-06-14 11:07:01,141 - line:132] - ERROR: 其他问题错误，请联系管理员
2022-06-14 11:07:11,261 - line:28] - INFO: 欢迎使用评教系统~
2022-06-14 11:07:18,020 - line:51] - INFO: 进行第1次评教
2022-06-14 11:07:20,733 - line:61] - INFO: 此课程已评教完成，退出
2022-06-14 11:07:21,736 - line:51] - INFO: 进行第2次评教
2022-06-14 11:07:24,373 - line:61] - INFO: 此课程已评教完成，退出
2022-06-14 11:07:25,373 - line:51] - INFO: 进行第3次评教
2022-06-14 11:07:27,958 - line:61] - INFO: 此课程已评教完成，退出
2022-06-14 11:07:28,959 - line:51] - INFO: 进行第4次评教
2022-06-14 11:07:31,717 - line:61] - INFO: 此课程已评教完成，退出
2022-06-14 11:07:32,722 - line:51] - INFO: 进行第5次评教
2022-06-14 11:07:35,339 - line:61] - INFO: 此课程已评教完成，退出
2022-06-14 11:07:36,346 - line:51] - INFO: 进行第6次评教
2022-06-14 11:07:39,004 - line:61] - INFO: 此课程已评教完成，退出
2022-06-14 11:07:40,006 - line:51] - INFO: 进行第7次评教
2022-06-14 11:07:42,623 - line:61] - INFO: 此课程已评教完成，退出
2022-06-14 11:07:43,628 - line:51] - INFO: 进行第8次评教
2022-06-14 11:07:46,269 - line:61] - INFO: 此课程已评教完成，退出
2022-06-14 11:07:47,273 - line:51] - INFO: 进行第9次评教
2022-06-14 11:08:07,776 - line:96] - ERROR: 无法找到保存图片！
2022-06-14 11:09:52,982 - line:28] - INFO: 欢迎使用评教系统~
2022-06-14 11:09:59,985 - line:51] - INFO: 进行第1次评教
2022-06-14 11:10:02,638 - line:61] - INFO: 此课程已评教完成，退出
2022-06-14 11:10:03,640 - line:51] - INFO: 进行第2次评教
2022-06-14 11:10:06,253 - line:61] - INFO: 此课程已评教完成，退出
2022-06-14 11:10:07,257 - line:51] - INFO: 进行第3次评教
2022-06-14 11:10:09,846 - line:61] - INFO: 此课程已评教完成，退出
2022-06-14 11:10:10,849 - line:51] - INFO: 进行第4次评教
2022-06-14 11:10:13,441 - line:61] - INFO: 此课程已评教完成，退出
2022-06-14 11:10:14,449 - line:51] - INFO: 进行第5次评教
2022-06-14 11:10:17,064 - line:61] - INFO: 此课程已评教完成，退出
2022-06-14 11:10:18,071 - line:51] - INFO: 进行第6次评教
2022-06-14 11:10:20,675 - line:61] - INFO: 此课程已评教完成，退出
2022-06-14 11:10:21,690 - line:51] - INFO: 进行第7次评教
2022-06-14 11:10:24,319 - line:61] - INFO: 此课程已评教完成，退出
2022-06-14 11:10:25,321 - line:51] - INFO: 进行第8次评教
2022-06-14 11:10:28,001 - line:61] - INFO: 此课程已评教完成，退出
2022-06-14 11:10:29,005 - line:51] - INFO: 进行第9次评教
2022-06-14 11:10:58,062 - line:115] - INFO: 程序已停止
2022-06-14 11:11:37,063 - line:28] - INFO: 欢迎使用评教系统~
2022-06-14 11:11:43,138 - line:51] - INFO: 进行第1次评教
2022-06-14 11:11:45,891 - line:61] - INFO: 此课程已评教完成，退出
2022-06-14 11:11:46,894 - line:51] - INFO: 进行第2次评教
2022-06-14 11:11:49,496 - line:61] - INFO: 此课程已评教完成，退出
2022-06-14 11:11:50,511 - line:51] - INFO: 进行第3次评教
2022-06-14 11:11:53,104 - line:61] - INFO: 此课程已评教完成，退出
2022-06-14 11:11:54,106 - line:51] - INFO: 进行第4次评教
2022-06-14 11:11:56,681 - line:61] - INFO: 此课程已评教完成，退出
2022-06-14 11:11:57,681 - line:51] - INFO: 进行第5次评教
2022-06-14 11:12:00,277 - line:61] - INFO: 此课程已评教完成，退出
2022-06-14 11:12:01,285 - line:51] - INFO: 进行第6次评教
2022-06-14 11:12:03,877 - line:61] - INFO: 此课程已评教完成，退出
2022-06-14 11:12:04,879 - line:51] - INFO: 进行第7次评教
2022-06-14 11:12:07,493 - line:61] - INFO: 此课程已评教完成，退出
2022-06-14 11:12:08,500 - line:51] - INFO: 进行第8次评教
2022-06-14 11:12:11,069 - line:61] - INFO: 此课程已评教完成，退出
2022-06-14 11:12:12,084 - line:51] - INFO: 进行第9次评教
2022-06-14 11:12:35,118 - line:123] - INFO: 此课程已评教完成，退出
2022-06-14 11:12:37,725 - line:125] - INFO: 程序已执行完毕
2022-06-14 11:12:52,172 - line:28] - INFO: 欢迎使用评教系统~
2022-06-14 11:13:01,418 - line:44] - ERROR: 无法找到操作图片！
2022-06-14 11:13:14,474 - line:28] - INFO: 欢迎使用评教系统~
2022-06-14 11:13:21,581 - line:44] - ERROR: 无法找到操作图片！
2022-06-14 11:13:49,829 - line:28] - INFO: 欢迎使用评教系统~
2022-06-14 11:13:55,164 - line:51] - INFO: 进行第1次评教
2022-06-14 11:14:04,753 - line:67] - ERROR: 无法找到评价结果图片！
2022-06-14 11:14:15,086 - line:28] - INFO: 欢迎使用评教系统~
2022-06-14 11:14:21,822 - line:51] - INFO: 进行第1次评教
2022-06-14 11:14:24,475 - line:61] - INFO: 此课程已评教完成，退出
2022-06-14 11:14:25,477 - line:51] - INFO: 进行第2次评教
2022-06-14 11:14:28,104 - line:61] - INFO: 此课程已评教完成，退出
2022-06-14 11:14:29,106 - line:51] - INFO: 进行第3次评教
2022-06-14 11:14:31,710 - line:61] - INFO: 此课程已评教完成，退出
2022-06-14 11:14:32,974 - line:125] - INFO: 程序已执行完毕
2022-06-14 11:14:37,733 - line:28] - INFO: 欢迎使用评教系统~
2022-06-14 11:14:44,692 - line:44] - ERROR: 无法找到操作图片！
2022-06-14 11:17:19,948 - line:28] - INFO: 欢迎使用评教系统~
2022-06-14 11:17:24,926 - line:51] - INFO: 进行第1次评教
2022-06-14 11:17:34,054 - line:67] - ERROR: 无法找到评价结果图片！
2022-06-14 11:17:42,586 - line:28] - INFO: 欢迎使用评教系统~
2022-06-14 11:17:47,078 - line:51] - INFO: 进行第1次评教
2022-06-14 11:17:49,771 - line:61] - INFO: 此课程已评教完成，退出
2022-06-14 11:17:50,780 - line:51] - INFO: 进行第2次评教
2022-06-14 11:17:53,384 - line:61] - INFO: 此课程已评教完成，退出
2022-06-14 11:17:54,395 - line:51] - INFO: 进行第3次评教
2022-06-14 11:17:55,459 - line:128] - INFO: 安全模式终止
2022-06-14 11:20:27,639 - line:28] - INFO: 欢迎使用评教系统~
2022-06-14 11:20:47,501 - line:37] - INFO: 程序已结束
